<?xml version="1.0" encoding="UTF-8"?>
<testng-results ignored="0" total="1" passed="1" failed="0" skipped="0">
  <reporter-output>
  </reporter-output>
  <suite started-at="2022-12-31T07:55:48Z" name="Suite" finished-at="2022-12-31T07:55:53Z" duration-ms="4067">
    <groups>
    </groups>
    <test started-at="2022-12-31T07:55:48Z" name="Test" finished-at="2022-12-31T07:55:53Z" duration-ms="4067">
      <class name="restAPI.EndToEndTest">
        <test-method signature="test1()[pri:0, instance:restAPI.EndToEndTest@6cdba6dc]" started-at="2022-12-31T07:55:49Z" name="test1" finished-at="2022-12-31T07:55:53Z" duration-ms="4039" status="PASS">
          <reporter-output>
          </reporter-output>
        </test-method> <!-- test1 -->
      </class> <!-- restAPI.EndToEndTest -->
    </test> <!-- Test -->
  </suite> <!-- Suite -->
</testng-results>
